{"timestamp":"2025-09-27T10:00:27.863Z","level":"INFO","message":"Attempting to connect to MongoDB","uri":"URI provided"}
{"timestamp":"2025-09-27T10:00:28.162Z","level":"INFO","message":"Initializing Email Service","host":"smtp.gmail.com","port":"587","user":"Configured"}
{"timestamp":"2025-09-27T10:00:29.442Z","level":"INFO","message":"MongoDB Connected Successfully","host":"ac-tcrbnhx-shard-00-00.igezekd.mongodb.net","database":"academic_management","port":27017}
{"timestamp":"2025-09-27T10:00:29.445Z","level":"INFO","message":"Checking for Master Admin user"}
{"timestamp":"2025-09-27T10:00:29.955Z","level":"INFO","message":"Master Admin already exists","email":"caikiet10@gmail.com","hasLoggedIn":true}
{"timestamp":"2025-09-27T10:00:44.233Z","level":"INFO","message":"Login attempt","email":"caikiet10@gmail.com"}
{"timestamp":"2025-09-27T10:00:45.685Z","level":"INFO","message":"Authentication Event","event":"LOGIN_SUCCESS","userId":"68d57f4dee6500d063725ccb","userEmail":"caikiet10@gmail.com","userRole":"master_admin","ip":"::1"}
{"timestamp":"2025-09-27T10:00:45.701Z","level":"INFO","message":"Login successful","userId":"68d57f4dee6500d063725ccb","email":"caikiet10@gmail.com","role":"master_admin"}
{"timestamp":"2025-09-27T10:01:25.173Z","level":"INFO","message":"Get current user request","userId":"68d57f4dee6500d063725ccb"}
{"timestamp":"2025-09-27T10:01:25.263Z","level":"INFO","message":"Get current user request","userId":"68d57f4dee6500d063725ccb"}
{"timestamp":"2025-09-27T10:10:46.820Z","level":"INFO","message":"Get current user request","userId":"68d57f4dee6500d063725ccb"}
{"timestamp":"2025-09-27T10:10:46.913Z","level":"INFO","message":"Get current user request","userId":"68d57f4dee6500d063725ccb"}
{"timestamp":"2025-09-28T04:31:47.499Z","level":"INFO","message":"Get current user request","userId":"68d57f4dee6500d063725ccb"}
{"timestamp":"2025-09-28T04:31:47.567Z","level":"INFO","message":"Get current user request","userId":"68d57f4dee6500d063725ccb"}
{"timestamp":"2025-09-28T04:35:54.740Z","level":"INFO","message":"Attempting to connect to MongoDB","uri":"URI provided"}
{"timestamp":"2025-09-28T04:35:54.921Z","level":"INFO","message":"Initializing Email Service","host":"smtp.gmail.com","port":"587","user":"Configured"}
{"timestamp":"2025-09-28T04:35:55.900Z","level":"INFO","message":"MongoDB Connected Successfully","host":"ac-tcrbnhx-shard-00-00.igezekd.mongodb.net","database":"academic_management","port":27017}
{"timestamp":"2025-09-28T04:35:55.902Z","level":"INFO","message":"Checking for Master Admin user"}
{"timestamp":"2025-09-28T04:35:56.144Z","level":"INFO","message":"Master Admin already exists","email":"caikiet10@gmail.com","hasLoggedIn":true}
{"timestamp":"2025-09-28T04:36:26.859Z","level":"INFO","message":"Login attempt","email":"caikiet10@gmail.com"}
{"timestamp":"2025-09-28T04:36:27.667Z","level":"INFO","message":"Authentication Event","event":"LOGIN_SUCCESS","userId":"68d57f4dee6500d063725ccb","userEmail":"caikiet10@gmail.com","userRole":"master_admin","ip":"::1"}
{"timestamp":"2025-09-28T04:36:27.677Z","level":"INFO","message":"Login successful","userId":"68d57f4dee6500d063725ccb","email":"caikiet10@gmail.com","role":"master_admin"}
{"timestamp":"2025-09-28T04:38:23.826Z","level":"INFO","message":"Get current user request","userId":"68d57f4dee6500d063725ccb"}
{"timestamp":"2025-09-28T04:38:23.900Z","level":"INFO","message":"Get current user request","userId":"68d57f4dee6500d063725ccb"}
{"timestamp":"2025-09-28T04:41:35.694Z","level":"INFO","message":"Get current user request","userId":"68d57f4dee6500d063725ccb"}
{"timestamp":"2025-09-28T04:41:35.766Z","level":"INFO","message":"Get current user request","userId":"68d57f4dee6500d063725ccb"}
{"timestamp":"2025-09-28T04:43:23.496Z","level":"INFO","message":"Get current user request","userId":"68d57f4dee6500d063725ccb"}
{"timestamp":"2025-09-28T04:43:23.565Z","level":"INFO","message":"Get current user request","userId":"68d57f4dee6500d063725ccb"}
{"timestamp":"2025-09-28T04:48:58.017Z","level":"INFO","message":"Attempting to connect to MongoDB","uri":"URI provided"}
{"timestamp":"2025-09-28T04:48:58.127Z","level":"INFO","message":"Initializing Email Service","host":"smtp.gmail.com","port":"587","user":"Configured"}
{"timestamp":"2025-09-28T04:48:58.969Z","level":"INFO","message":"MongoDB Connected Successfully","host":"ac-tcrbnhx-shard-00-00.igezekd.mongodb.net","database":"academic_management","port":27017}
{"timestamp":"2025-09-28T04:48:58.971Z","level":"INFO","message":"Checking for Master Admin user"}
{"timestamp":"2025-09-28T04:48:59.216Z","level":"INFO","message":"Master Admin already exists","email":"caikiet10@gmail.com","hasLoggedIn":true}
{"timestamp":"2025-09-28T04:49:13.545Z","level":"INFO","message":"Login attempt","email":"caikiet10@gmail.com"}
{"timestamp":"2025-09-28T04:49:14.201Z","level":"INFO","message":"Authentication Event","event":"LOGIN_SUCCESS","userId":"68d57f4dee6500d063725ccb","userEmail":"caikiet10@gmail.com","userRole":"master_admin","ip":"::1"}
{"timestamp":"2025-09-28T04:49:14.211Z","level":"INFO","message":"Login successful","userId":"68d57f4dee6500d063725ccb","email":"caikiet10@gmail.com","role":"master_admin"}
{"timestamp":"2025-09-28T04:55:44.302Z","level":"INFO","message":"Get current user request","userId":"68d57f4dee6500d063725ccb"}
{"timestamp":"2025-09-28T04:55:44.373Z","level":"INFO","message":"Get current user request","userId":"68d57f4dee6500d063725ccb"}
{"timestamp":"2025-09-28T04:58:43.715Z","level":"INFO","message":"Get current user request","userId":"68d57f4dee6500d063725ccb"}
{"timestamp":"2025-09-28T04:58:43.782Z","level":"INFO","message":"Get current user request","userId":"68d57f4dee6500d063725ccb"}
{"timestamp":"2025-09-28T05:03:10.452Z","level":"INFO","message":"Attempting to connect to MongoDB","uri":"URI provided"}
{"timestamp":"2025-09-28T05:03:10.571Z","level":"INFO","message":"Initializing Email Service","host":"smtp.gmail.com","port":"587","user":"Configured"}
{"timestamp":"2025-09-28T05:03:11.464Z","level":"INFO","message":"MongoDB Connected Successfully","host":"ac-tcrbnhx-shard-00-00.igezekd.mongodb.net","database":"academic_management","port":27017}
{"timestamp":"2025-09-28T05:03:11.466Z","level":"INFO","message":"Checking for Master Admin user"}
{"timestamp":"2025-09-28T05:03:11.726Z","level":"INFO","message":"Master Admin already exists","email":"caikiet10@gmail.com","hasLoggedIn":true}
{"timestamp":"2025-09-28T05:03:21.590Z","level":"INFO","message":"Login attempt","email":"caikiet10@gmail.com"}
{"timestamp":"2025-09-28T05:03:22.291Z","level":"INFO","message":"Authentication Event","event":"LOGIN_SUCCESS","userId":"68d57f4dee6500d063725ccb","userEmail":"caikiet10@gmail.com","userRole":"master_admin","ip":"::1"}
{"timestamp":"2025-09-28T05:03:22.301Z","level":"INFO","message":"Login successful","userId":"68d57f4dee6500d063725ccb","email":"caikiet10@gmail.com","role":"master_admin"}
{"timestamp":"2025-09-28T05:57:01.010Z","level":"WARN","message":"Authentication failed - invalid token","error":"getaddrinfo ENOTFOUND ac-tcrbnhx-shard-00-00.igezekd.mongodb.net","ip":"::1"}
{"timestamp":"2025-09-28T05:57:16.887Z","level":"INFO","message":"Get current user request","userId":"68d57f4dee6500d063725ccb"}
{"timestamp":"2025-09-28T05:57:16.960Z","level":"INFO","message":"Get current user request","userId":"68d57f4dee6500d063725ccb"}
{"timestamp":"2025-09-28T08:14:23.373Z","level":"WARN","message":"Authentication failed - invalid token","error":"getaddrinfo ENOTFOUND ac-tcrbnhx-shard-00-00.igezekd.mongodb.net","ip":"::1"}
{"timestamp":"2025-09-28T08:14:56.449Z","level":"WARN","message":"Authentication failed - invalid token","error":"getaddrinfo ENOTFOUND ac-tcrbnhx-shard-00-00.igezekd.mongodb.net","ip":"::1"}
{"timestamp":"2025-09-28T08:15:16.479Z","level":"WARN","message":"Authentication failed - invalid token","error":"getaddrinfo ENOTFOUND ac-tcrbnhx-shard-00-00.igezekd.mongodb.net","ip":"::1"}
